  main.cpp
D:\files\CTest\fish_game\main.cpp(85,29): error C2665: “textwidth”: 2 个重载中没有一个可以转换所有参数类型
C:\Program Files (x86)\Microsoft Visual Studio\2019\Professional\VC\Auxiliary\VS\include\easyx.h(226,5): message : 可能是“int textwidth(TCHAR)”
C:\Program Files (x86)\Microsoft Visual Studio\2019\Professional\VC\Auxiliary\VS\include\easyx.h(225,5): message : 或    “int textwidth(LPCTSTR)”
D:\files\CTest\fish_game\main.cpp(85,29): message : 尝试匹配参数列表“(const char [])”时
D:\files\CTest\fish_game\main.cpp(85,54): error C2665: “textheight”: 2 个重载中没有一个可以转换所有参数类型
C:\Program Files (x86)\Microsoft Visual Studio\2019\Professional\VC\Auxiliary\VS\include\easyx.h(228,5): message : 可能是“int textheight(TCHAR)”
C:\Program Files (x86)\Microsoft Visual Studio\2019\Professional\VC\Auxiliary\VS\include\easyx.h(227,5): message : 或    “int textheight(LPCTSTR)”
D:\files\CTest\fish_game\main.cpp(85,54): message : 尝试匹配参数列表“(const char [])”时
D:\files\CTest\fish_game\main.cpp(85,64): error C2661: “outtextxy”: 没有重载函数接受 2 个参数
D:\files\CTest\fish_game\main.cpp(92,33): error C2665: “textwidth”: 2 个重载中没有一个可以转换所有参数类型
C:\Program Files (x86)\Microsoft Visual Studio\2019\Professional\VC\Auxiliary\VS\include\easyx.h(226,5): message : 可能是“int textwidth(TCHAR)”
C:\Program Files (x86)\Microsoft Visual Studio\2019\Professional\VC\Auxiliary\VS\include\easyx.h(225,5): message : 或    “int textwidth(LPCTSTR)”
D:\files\CTest\fish_game\main.cpp(92,33): message : 尝试匹配参数列表“(const char [])”时
D:\files\CTest\fish_game\main.cpp(92,65): error C2665: “textheight”: 2 个重载中没有一个可以转换所有参数类型
C:\Program Files (x86)\Microsoft Visual Studio\2019\Professional\VC\Auxiliary\VS\include\easyx.h(228,5): message : 可能是“int textheight(TCHAR)”
C:\Program Files (x86)\Microsoft Visual Studio\2019\Professional\VC\Auxiliary\VS\include\easyx.h(227,5): message : 或    “int textheight(LPCTSTR)”
D:\files\CTest\fish_game\main.cpp(92,65): message : 尝试匹配参数列表“(const char [])”时
D:\files\CTest\fish_game\main.cpp(92,96): error C2665: “textwidth”: 2 个重载中没有一个可以转换所有参数类型
C:\Program Files (x86)\Microsoft Visual Studio\2019\Professional\VC\Auxiliary\VS\include\easyx.h(226,5): message : 可能是“int textwidth(TCHAR)”
C:\Program Files (x86)\Microsoft Visual Studio\2019\Professional\VC\Auxiliary\VS\include\easyx.h(225,5): message : 或    “int textwidth(LPCTSTR)”
D:\files\CTest\fish_game\main.cpp(92,96): message : 尝试匹配参数列表“(const char [])”时
D:\files\CTest\fish_game\main.cpp(92,128): error C2665: “textheight”: 2 个重载中没有一个可以转换所有参数类型
C:\Program Files (x86)\Microsoft Visual Studio\2019\Professional\VC\Auxiliary\VS\include\easyx.h(228,5): message : 可能是“int textheight(TCHAR)”
C:\Program Files (x86)\Microsoft Visual Studio\2019\Professional\VC\Auxiliary\VS\include\easyx.h(227,5): message : 或    “int textheight(LPCTSTR)”
D:\files\CTest\fish_game\main.cpp(92,128): message : 尝试匹配参数列表“(const char [])”时
D:\files\CTest\fish_game\main.cpp(92,140): error C2660: “fillrectangle”: 函数不接受 1 个参数
C:\Program Files (x86)\Microsoft Visual Studio\2019\Professional\VC\Auxiliary\VS\include\easyx.h(186,6): message : 参见“fillrectangle”的声明
D:\files\CTest\fish_game\main.cpp(93,29): error C2665: “textwidth”: 2 个重载中没有一个可以转换所有参数类型
C:\Program Files (x86)\Microsoft Visual Studio\2019\Professional\VC\Auxiliary\VS\include\easyx.h(226,5): message : 可能是“int textwidth(TCHAR)”
C:\Program Files (x86)\Microsoft Visual Studio\2019\Professional\VC\Auxiliary\VS\include\easyx.h(225,5): message : 或    “int textwidth(LPCTSTR)”
D:\files\CTest\fish_game\main.cpp(93,29): message : 尝试匹配参数列表“(const char [])”时
D:\files\CTest\fish_game\main.cpp(93,54): error C2665: “textheight”: 2 个重载中没有一个可以转换所有参数类型
C:\Program Files (x86)\Microsoft Visual Studio\2019\Professional\VC\Auxiliary\VS\include\easyx.h(228,5): message : 可能是“int textheight(TCHAR)”
C:\Program Files (x86)\Microsoft Visual Studio\2019\Professional\VC\Auxiliary\VS\include\easyx.h(227,5): message : 或    “int textheight(LPCTSTR)”
D:\files\CTest\fish_game\main.cpp(93,54): message : 尝试匹配参数列表“(const char [])”时
D:\files\CTest\fish_game\main.cpp(93,64): error C2661: “outtextxy”: 没有重载函数接受 2 个参数
D:\files\CTest\fish_game\main.cpp(101,54): error C2664: “MCIERROR mciSendStringW(LPCWSTR,LPWSTR,UINT,HWND)”: 无法将参数 1 从“const char [22]”转换为“LPCWSTR”
D:\files\CTest\fish_game\main.cpp(101,16): message : 与指向的类型无关；强制转换要求 reinterpret_cast、C 样式强制转换或函数样式强制转换
D:\Windows Kits\10\Include\10.0.19041.0\um\mciapi.h(88,1): message : 参见“mciSendStringW”的声明
D:\files\CTest\fish_game\main.cpp(105,47): error C2664: “MCIERROR mciSendStringW(LPCWSTR,LPWSTR,UINT,HWND)”: 无法将参数 1 从“const char [15]”转换为“LPCWSTR”
D:\files\CTest\fish_game\main.cpp(105,16): message : 与指向的类型无关；强制转换要求 reinterpret_cast、C 样式强制转换或函数样式强制转换
D:\Windows Kits\10\Include\10.0.19041.0\um\mciapi.h(88,1): message : 参见“mciSendStringW”的声明
D:\files\CTest\fish_game\main.cpp(109,48): error C2664: “MCIERROR mciSendStringW(LPCWSTR,LPWSTR,UINT,HWND)”: 无法将参数 1 从“const char [16]”转换为“LPCWSTR”
D:\files\CTest\fish_game\main.cpp(109,16): message : 与指向的类型无关；强制转换要求 reinterpret_cast、C 样式强制转换或函数样式强制转换
D:\Windows Kits\10\Include\10.0.19041.0\um\mciapi.h(88,1): message : 参见“mciSendStringW”的声明
D:\files\CTest\fish_game\main.cpp(113,48): error C2664: “MCIERROR mciSendStringW(LPCWSTR,LPWSTR,UINT,HWND)”: 无法将参数 1 从“const char [16]”转换为“LPCWSTR”
D:\files\CTest\fish_game\main.cpp(113,16): message : 与指向的类型无关；强制转换要求 reinterpret_cast、C 样式强制转换或函数样式强制转换
D:\Windows Kits\10\Include\10.0.19041.0\um\mciapi.h(88,1): message : 参见“mciSendStringW”的声明
D:\files\CTest\fish_game\main.cpp(117,51): error C2664: “MCIERROR mciSendStringW(LPCWSTR,LPWSTR,UINT,HWND)”: 无法将参数 1 从“const char [19]”转换为“LPCWSTR”
D:\files\CTest\fish_game\main.cpp(117,16): message : 与指向的类型无关；强制转换要求 reinterpret_cast、C 样式强制转换或函数样式强制转换
D:\Windows Kits\10\Include\10.0.19041.0\um\mciapi.h(88,1): message : 参见“mciSendStringW”的声明
D:\files\CTest\fish_game\main.cpp(429,82): error C2665: “loadimage”: 2 个重载中没有一个可以转换所有参数类型
C:\Program Files (x86)\Microsoft Visual Studio\2019\Professional\VC\Auxiliary\VS\include\easyx.h(257,6): message : 可能是“void loadimage(IMAGE *,LPCTSTR,LPCTSTR,int,int,bool)”
C:\Program Files (x86)\Microsoft Visual Studio\2019\Professional\VC\Auxiliary\VS\include\easyx.h(256,6): message : 或    “void loadimage(IMAGE *,LPCTSTR,int,int,bool)”
D:\files\CTest\fish_game\main.cpp(429,82): message : 尝试匹配参数列表“(IMAGE *, const char [18], int, int)”时
D:\files\CTest\fish_game\main.cpp(430,78): error C2665: “loadimage”: 2 个重载中没有一个可以转换所有参数类型
C:\Program Files (x86)\Microsoft Visual Studio\2019\Professional\VC\Auxiliary\VS\include\easyx.h(257,6): message : 可能是“void loadimage(IMAGE *,LPCTSTR,LPCTSTR,int,int,bool)”
C:\Program Files (x86)\Microsoft Visual Studio\2019\Professional\VC\Auxiliary\VS\include\easyx.h(256,6): message : 或    “void loadimage(IMAGE *,LPCTSTR,int,int,bool)”
D:\files\CTest\fish_game\main.cpp(430,78): message : 尝试匹配参数列表“(IMAGE *, const char [16], int, int)”时
D:\files\CTest\fish_game\main.cpp(442,82): error C2665: “loadimage”: 2 个重载中没有一个可以转换所有参数类型
C:\Program Files (x86)\Microsoft Visual Studio\2019\Professional\VC\Auxiliary\VS\include\easyx.h(257,6): message : 可能是“void loadimage(IMAGE *,LPCTSTR,LPCTSTR,int,int,bool)”
C:\Program Files (x86)\Microsoft Visual Studio\2019\Professional\VC\Auxiliary\VS\include\easyx.h(256,6): message : 或    “void loadimage(IMAGE *,LPCTSTR,int,int,bool)”
D:\files\CTest\fish_game\main.cpp(442,82): message : 尝试匹配参数列表“(IMAGE *, const char [18], int, int)”时
D:\files\CTest\fish_game\main.cpp(443,78): error C2665: “loadimage”: 2 个重载中没有一个可以转换所有参数类型
C:\Program Files (x86)\Microsoft Visual Studio\2019\Professional\VC\Auxiliary\VS\include\easyx.h(257,6): message : 可能是“void loadimage(IMAGE *,LPCTSTR,LPCTSTR,int,int,bool)”
C:\Program Files (x86)\Microsoft Visual Studio\2019\Professional\VC\Auxiliary\VS\include\easyx.h(256,6): message : 或    “void loadimage(IMAGE *,LPCTSTR,int,int,bool)”
D:\files\CTest\fish_game\main.cpp(443,78): message : 尝试匹配参数列表“(IMAGE *, const char [16], int, int)”时
D:\files\CTest\fish_game\main.cpp(458,82): error C2665: “loadimage”: 2 个重载中没有一个可以转换所有参数类型
C:\Program Files (x86)\Microsoft Visual Studio\2019\Professional\VC\Auxiliary\VS\include\easyx.h(257,6): message : 可能是“void loadimage(IMAGE *,LPCTSTR,LPCTSTR,int,int,bool)”
C:\Program Files (x86)\Microsoft Visual Studio\2019\Professional\VC\Auxiliary\VS\include\easyx.h(256,6): message : 或    “void loadimage(IMAGE *,LPCTSTR,int,int,bool)”
D:\files\CTest\fish_game\main.cpp(458,82): message : 尝试匹配参数列表“(IMAGE *, const char [18], int, int)”时
D:\files\CTest\fish_game\main.cpp(459,78): error C2665: “loadimage”: 2 个重载中没有一个可以转换所有参数类型
C:\Program Files (x86)\Microsoft Visual Studio\2019\Professional\VC\Auxiliary\VS\include\easyx.h(257,6): message : 可能是“void loadimage(IMAGE *,LPCTSTR,LPCTSTR,int,int,bool)”
C:\Program Files (x86)\Microsoft Visual Studio\2019\Professional\VC\Auxiliary\VS\include\easyx.h(256,6): message : 或    “void loadimage(IMAGE *,LPCTSTR,int,int,bool)”
D:\files\CTest\fish_game\main.cpp(459,78): message : 尝试匹配参数列表“(IMAGE *, const char [16], int, int)”时
D:\files\CTest\fish_game\main.cpp(471,82): error C2665: “loadimage”: 2 个重载中没有一个可以转换所有参数类型
C:\Program Files (x86)\Microsoft Visual Studio\2019\Professional\VC\Auxiliary\VS\include\easyx.h(257,6): message : 可能是“void loadimage(IMAGE *,LPCTSTR,LPCTSTR,int,int,bool)”
C:\Program Files (x86)\Microsoft Visual Studio\2019\Professional\VC\Auxiliary\VS\include\easyx.h(256,6): message : 或    “void loadimage(IMAGE *,LPCTSTR,int,int,bool)”
D:\files\CTest\fish_game\main.cpp(471,82): message : 尝试匹配参数列表“(IMAGE *, const char [18], int, int)”时
D:\files\CTest\fish_game\main.cpp(472,78): error C2665: “loadimage”: 2 个重载中没有一个可以转换所有参数类型
C:\Program Files (x86)\Microsoft Visual Studio\2019\Professional\VC\Auxiliary\VS\include\easyx.h(257,6): message : 可能是“void loadimage(IMAGE *,LPCTSTR,LPCTSTR,int,int,bool)”
C:\Program Files (x86)\Microsoft Visual Studio\2019\Professional\VC\Auxiliary\VS\include\easyx.h(256,6): message : 或    “void loadimage(IMAGE *,LPCTSTR,int,int,bool)”
D:\files\CTest\fish_game\main.cpp(472,78): message : 尝试匹配参数列表“(IMAGE *, const char [16], int, int)”时
D:\files\CTest\fish_game\main.cpp(564,32): warning C4244: “*=”: 从“double”转换到“int”，可能丢失数据
D:\files\CTest\fish_game\main.cpp(653,26): error C2665: “loadimage”: 2 个重载中没有一个可以转换所有参数类型
C:\Program Files (x86)\Microsoft Visual Studio\2019\Professional\VC\Auxiliary\VS\include\easyx.h(256,6): message : 可能是“void loadimage(IMAGE *,LPCTSTR,int,int,bool)”
D:\files\CTest\fish_game\main.cpp(653,26): message : 尝试匹配参数列表“(IMAGE *, const char [9])”时
D:\files\CTest\fish_game\main.cpp(657,34): error C2665: “loadimage”: 2 个重载中没有一个可以转换所有参数类型
C:\Program Files (x86)\Microsoft Visual Studio\2019\Professional\VC\Auxiliary\VS\include\easyx.h(256,6): message : 可能是“void loadimage(IMAGE *,LPCTSTR,int,int,bool)”
D:\files\CTest\fish_game\main.cpp(657,34): message : 尝试匹配参数列表“(IMAGE *, const char [13])”时
D:\files\CTest\fish_game\main.cpp(660,30): error C2665: “settextstyle”: 4 个重载中没有一个可以转换所有参数类型
C:\Program Files (x86)\Microsoft Visual Studio\2019\Professional\VC\Auxiliary\VS\include\easyx.h(247,6): message : 可能是“void settextstyle(int,int,LPCTSTR)”
D:\files\CTest\fish_game\main.cpp(660,30): message : 尝试匹配参数列表“(int, int, const char [5])”时
D:\files\CTest\fish_game\main.cpp(668,30): error C2665: “settextstyle”: 4 个重载中没有一个可以转换所有参数类型
C:\Program Files (x86)\Microsoft Visual Studio\2019\Professional\VC\Auxiliary\VS\include\easyx.h(247,6): message : 可能是“void settextstyle(int,int,LPCTSTR)”
D:\files\CTest\fish_game\main.cpp(668,30): message : 尝试匹配参数列表“(int, int, const char [5])”时
D:\files\CTest\fish_game\main.cpp(697,37): error C2665: “loadimage”: 2 个重载中没有一个可以转换所有参数类型
C:\Program Files (x86)\Microsoft Visual Studio\2019\Professional\VC\Auxiliary\VS\include\easyx.h(256,6): message : 可能是“void loadimage(IMAGE *,LPCTSTR,int,int,bool)”
D:\files\CTest\fish_game\main.cpp(697,37): message : 尝试匹配参数列表“(IMAGE *, const char [13])”时
D:\files\CTest\fish_game\main.cpp(713,37): error C2665: “loadimage”: 2 个重载中没有一个可以转换所有参数类型
C:\Program Files (x86)\Microsoft Visual Studio\2019\Professional\VC\Auxiliary\VS\include\easyx.h(256,6): message : 可能是“void loadimage(IMAGE *,LPCTSTR,int,int,bool)”
D:\files\CTest\fish_game\main.cpp(713,37): message : 尝试匹配参数列表“(IMAGE *, const char [13])”时
D:\files\CTest\fish_game\main.cpp(728,36): error C2665: “loadimage”: 2 个重载中没有一个可以转换所有参数类型
C:\Program Files (x86)\Microsoft Visual Studio\2019\Professional\VC\Auxiliary\VS\include\easyx.h(256,6): message : 可能是“void loadimage(IMAGE *,LPCTSTR,int,int,bool)”
D:\files\CTest\fish_game\main.cpp(728,36): message : 尝试匹配参数列表“(IMAGE *, const char [13])”时
D:\files\CTest\fish_game\main.cpp(732,33): error C2665: “settextstyle”: 4 个重载中没有一个可以转换所有参数类型
C:\Program Files (x86)\Microsoft Visual Studio\2019\Professional\VC\Auxiliary\VS\include\easyx.h(247,6): message : 可能是“void settextstyle(int,int,LPCTSTR)”
D:\files\CTest\fish_game\main.cpp(732,33): message : 尝试匹配参数列表“(int, int, const char [5])”时
D:\files\CTest\fish_game\main.cpp(740,33): error C2665: “settextstyle”: 4 个重载中没有一个可以转换所有参数类型
C:\Program Files (x86)\Microsoft Visual Studio\2019\Professional\VC\Auxiliary\VS\include\easyx.h(247,6): message : 可能是“void settextstyle(int,int,LPCTSTR)”
D:\files\CTest\fish_game\main.cpp(740,33): message : 尝试匹配参数列表“(int, int, const char [5])”时
D:\files\CTest\fish_game\main.cpp(761,27): error C2665: “loadimage”: 2 个重载中没有一个可以转换所有参数类型
C:\Program Files (x86)\Microsoft Visual Studio\2019\Professional\VC\Auxiliary\VS\include\easyx.h(256,6): message : 可能是“void loadimage(IMAGE *,LPCTSTR,int,int,bool)”
D:\files\CTest\fish_game\main.cpp(761,27): message : 尝试匹配参数列表“(IMAGE *, const char [9])”时
D:\files\CTest\fish_game\main.cpp(764,30): error C2665: “settextstyle”: 4 个重载中没有一个可以转换所有参数类型
C:\Program Files (x86)\Microsoft Visual Studio\2019\Professional\VC\Auxiliary\VS\include\easyx.h(247,6): message : 可能是“void settextstyle(int,int,LPCTSTR)”
D:\files\CTest\fish_game\main.cpp(764,30): message : 尝试匹配参数列表“(int, int, const char [5])”时
D:\files\CTest\fish_game\main.cpp(809,30): error C2665: “loadimage”: 2 个重载中没有一个可以转换所有参数类型
C:\Program Files (x86)\Microsoft Visual Studio\2019\Professional\VC\Auxiliary\VS\include\easyx.h(256,6): message : 可能是“void loadimage(IMAGE *,LPCTSTR,int,int,bool)”
D:\files\CTest\fish_game\main.cpp(809,30): message : 尝试匹配参数列表“(IMAGE *, const char [9])”时
D:\files\CTest\fish_game\main.cpp(812,33): error C2665: “settextstyle”: 4 个重载中没有一个可以转换所有参数类型
C:\Program Files (x86)\Microsoft Visual Studio\2019\Professional\VC\Auxiliary\VS\include\easyx.h(247,6): message : 可能是“void settextstyle(int,int,LPCTSTR)”
D:\files\CTest\fish_game\main.cpp(812,33): message : 尝试匹配参数列表“(int, int, const char [5])”时
D:\files\CTest\fish_game\main.cpp(854,26): error C2665: “loadimage”: 2 个重载中没有一个可以转换所有参数类型
C:\Program Files (x86)\Microsoft Visual Studio\2019\Professional\VC\Auxiliary\VS\include\easyx.h(256,6): message : 可能是“void loadimage(IMAGE *,LPCTSTR,int,int,bool)”
D:\files\CTest\fish_game\main.cpp(854,26): message : 尝试匹配参数列表“(IMAGE *, const char [9])”时
D:\files\CTest\fish_game\main.cpp(855,40): error C2665: “loadimage”: 2 个重载中没有一个可以转换所有参数类型
C:\Program Files (x86)\Microsoft Visual Studio\2019\Professional\VC\Auxiliary\VS\include\easyx.h(256,6): message : 可能是“void loadimage(IMAGE *,LPCTSTR,int,int,bool)”
D:\files\CTest\fish_game\main.cpp(855,40): message : 尝试匹配参数列表“(IMAGE *, const char [16])”时
D:\files\CTest\fish_game\main.cpp(856,36): error C2665: “loadimage”: 2 个重载中没有一个可以转换所有参数类型
C:\Program Files (x86)\Microsoft Visual Studio\2019\Professional\VC\Auxiliary\VS\include\easyx.h(256,6): message : 可能是“void loadimage(IMAGE *,LPCTSTR,int,int,bool)”
D:\files\CTest\fish_game\main.cpp(856,36): message : 尝试匹配参数列表“(IMAGE *, const char [14])”时
D:\files\CTest\fish_game\main.cpp(857,40): error C2665: “loadimage”: 2 个重载中没有一个可以转换所有参数类型
C:\Program Files (x86)\Microsoft Visual Studio\2019\Professional\VC\Auxiliary\VS\include\easyx.h(256,6): message : 可能是“void loadimage(IMAGE *,LPCTSTR,int,int,bool)”
D:\files\CTest\fish_game\main.cpp(857,40): message : 尝试匹配参数列表“(IMAGE *, const char [16])”时
D:\files\CTest\fish_game\main.cpp(858,36): error C2665: “loadimage”: 2 个重载中没有一个可以转换所有参数类型
C:\Program Files (x86)\Microsoft Visual Studio\2019\Professional\VC\Auxiliary\VS\include\easyx.h(256,6): message : 可能是“void loadimage(IMAGE *,LPCTSTR,int,int,bool)”
D:\files\CTest\fish_game\main.cpp(858,36): message : 尝试匹配参数列表“(IMAGE *, const char [14])”时
D:\files\CTest\fish_game\main.cpp(859,40): error C2665: “loadimage”: 2 个重载中没有一个可以转换所有参数类型
C:\Program Files (x86)\Microsoft Visual Studio\2019\Professional\VC\Auxiliary\VS\include\easyx.h(256,6): message : 可能是“void loadimage(IMAGE *,LPCTSTR,int,int,bool)”
D:\files\CTest\fish_game\main.cpp(859,40): message : 尝试匹配参数列表“(IMAGE *, const char [16])”时
D:\files\CTest\fish_game\main.cpp(860,36): error C2665: “loadimage”: 2 个重载中没有一个可以转换所有参数类型
C:\Program Files (x86)\Microsoft Visual Studio\2019\Professional\VC\Auxiliary\VS\include\easyx.h(256,6): message : 可能是“void loadimage(IMAGE *,LPCTSTR,int,int,bool)”
D:\files\CTest\fish_game\main.cpp(860,36): message : 尝试匹配参数列表“(IMAGE *, const char [14])”时
D:\files\CTest\fish_game\main.cpp(861,40): error C2665: “loadimage”: 2 个重载中没有一个可以转换所有参数类型
C:\Program Files (x86)\Microsoft Visual Studio\2019\Professional\VC\Auxiliary\VS\include\easyx.h(256,6): message : 可能是“void loadimage(IMAGE *,LPCTSTR,int,int,bool)”
D:\files\CTest\fish_game\main.cpp(861,40): message : 尝试匹配参数列表“(IMAGE *, const char [16])”时
D:\files\CTest\fish_game\main.cpp(862,36): error C2665: “loadimage”: 2 个重载中没有一个可以转换所有参数类型
C:\Program Files (x86)\Microsoft Visual Studio\2019\Professional\VC\Auxiliary\VS\include\easyx.h(256,6): message : 可能是“void loadimage(IMAGE *,LPCTSTR,int,int,bool)”
D:\files\CTest\fish_game\main.cpp(862,36): message : 尝试匹配参数列表“(IMAGE *, const char [14])”时
D:\files\CTest\fish_game\main.cpp(863,40): error C2665: “loadimage”: 2 个重载中没有一个可以转换所有参数类型
C:\Program Files (x86)\Microsoft Visual Studio\2019\Professional\VC\Auxiliary\VS\include\easyx.h(256,6): message : 可能是“void loadimage(IMAGE *,LPCTSTR,int,int,bool)”
D:\files\CTest\fish_game\main.cpp(863,40): message : 尝试匹配参数列表“(IMAGE *, const char [16])”时
D:\files\CTest\fish_game\main.cpp(864,36): error C2665: “loadimage”: 2 个重载中没有一个可以转换所有参数类型
C:\Program Files (x86)\Microsoft Visual Studio\2019\Professional\VC\Auxiliary\VS\include\easyx.h(256,6): message : 可能是“void loadimage(IMAGE *,LPCTSTR,int,int,bool)”
D:\files\CTest\fish_game\main.cpp(864,36): message : 尝试匹配参数列表“(IMAGE *, const char [14])”时
D:\files\CTest\fish_game\main.cpp(865,40): error C2665: “loadimage”: 2 个重载中没有一个可以转换所有参数类型
C:\Program Files (x86)\Microsoft Visual Studio\2019\Professional\VC\Auxiliary\VS\include\easyx.h(256,6): message : 可能是“void loadimage(IMAGE *,LPCTSTR,int,int,bool)”
D:\files\CTest\fish_game\main.cpp(865,40): message : 尝试匹配参数列表“(IMAGE *, const char [16])”时
D:\files\CTest\fish_game\main.cpp(866,36): error C2665: “loadimage”: 2 个重载中没有一个可以转换所有参数类型
C:\Program Files (x86)\Microsoft Visual Studio\2019\Professional\VC\Auxiliary\VS\include\easyx.h(256,6): message : 可能是“void loadimage(IMAGE *,LPCTSTR,int,int,bool)”
D:\files\CTest\fish_game\main.cpp(866,36): message : 尝试匹配参数列表“(IMAGE *, const char [14])”时
D:\files\CTest\fish_game\main.cpp(867,40): error C2665: “loadimage”: 2 个重载中没有一个可以转换所有参数类型
C:\Program Files (x86)\Microsoft Visual Studio\2019\Professional\VC\Auxiliary\VS\include\easyx.h(256,6): message : 可能是“void loadimage(IMAGE *,LPCTSTR,int,int,bool)”
D:\files\CTest\fish_game\main.cpp(867,40): message : 尝试匹配参数列表“(IMAGE *, const char [16])”时
D:\files\CTest\fish_game\main.cpp(868,36): error C2665: “loadimage”: 2 个重载中没有一个可以转换所有参数类型
C:\Program Files (x86)\Microsoft Visual Studio\2019\Professional\VC\Auxiliary\VS\include\easyx.h(256,6): message : 可能是“void loadimage(IMAGE *,LPCTSTR,int,int,bool)”
D:\files\CTest\fish_game\main.cpp(868,36): message : 尝试匹配参数列表“(IMAGE *, const char [14])”时
D:\files\CTest\fish_game\main.cpp(869,40): error C2665: “loadimage”: 2 个重载中没有一个可以转换所有参数类型
C:\Program Files (x86)\Microsoft Visual Studio\2019\Professional\VC\Auxiliary\VS\include\easyx.h(256,6): message : 可能是“void loadimage(IMAGE *,LPCTSTR,int,int,bool)”
D:\files\CTest\fish_game\main.cpp(869,40): message : 尝试匹配参数列表“(IMAGE *, const char [16])”时
D:\files\CTest\fish_game\main.cpp(870,36): error C2665: “loadimage”: 2 个重载中没有一个可以转换所有参数类型
C:\Program Files (x86)\Microsoft Visual Studio\2019\Professional\VC\Auxiliary\VS\include\easyx.h(256,6): message : 可能是“void loadimage(IMAGE *,LPCTSTR,int,int,bool)”
D:\files\CTest\fish_game\main.cpp(870,36): message : 尝试匹配参数列表“(IMAGE *, const char [14])”时
D:\files\CTest\fish_game\main.cpp(871,40): error C2665: “loadimage”: 2 个重载中没有一个可以转换所有参数类型
C:\Program Files (x86)\Microsoft Visual Studio\2019\Professional\VC\Auxiliary\VS\include\easyx.h(256,6): message : 可能是“void loadimage(IMAGE *,LPCTSTR,int,int,bool)”
D:\files\CTest\fish_game\main.cpp(871,40): message : 尝试匹配参数列表“(IMAGE *, const char [16])”时
D:\files\CTest\fish_game\main.cpp(872,36): error C2665: “loadimage”: 2 个重载中没有一个可以转换所有参数类型
C:\Program Files (x86)\Microsoft Visual Studio\2019\Professional\VC\Auxiliary\VS\include\easyx.h(256,6): message : 可能是“void loadimage(IMAGE *,LPCTSTR,int,int,bool)”
D:\files\CTest\fish_game\main.cpp(872,36): message : 尝试匹配参数列表“(IMAGE *, const char [14])”时
D:\files\CTest\fish_game\main.cpp(873,40): error C2665: “loadimage”: 2 个重载中没有一个可以转换所有参数类型
C:\Program Files (x86)\Microsoft Visual Studio\2019\Professional\VC\Auxiliary\VS\include\easyx.h(256,6): message : 可能是“void loadimage(IMAGE *,LPCTSTR,int,int,bool)”
D:\files\CTest\fish_game\main.cpp(873,40): message : 尝试匹配参数列表“(IMAGE *, const char [16])”时
D:\files\CTest\fish_game\main.cpp(874,36): error C2665: “loadimage”: 2 个重载中没有一个可以转换所有参数类型
C:\Program Files (x86)\Microsoft Visual Studio\2019\Professional\VC\Auxiliary\VS\include\easyx.h(256,6): message : 可能是“void loadimage(IMAGE *,LPCTSTR,int,int,bool)”
D:\files\CTest\fish_game\main.cpp(874,36): message : 尝试匹配参数列表“(IMAGE *, const char [14])”时
D:\files\CTest\fish_game\main.cpp(875,52): error C2665: “loadimage”: 2 个重载中没有一个可以转换所有参数类型
C:\Program Files (x86)\Microsoft Visual Studio\2019\Professional\VC\Auxiliary\VS\include\easyx.h(256,6): message : 可能是“void loadimage(IMAGE *,LPCTSTR,int,int,bool)”
D:\files\CTest\fish_game\main.cpp(875,52): message : 尝试匹配参数列表“(IMAGE *, const char [22])”时
D:\files\CTest\fish_game\main.cpp(876,48): error C2665: “loadimage”: 2 个重载中没有一个可以转换所有参数类型
C:\Program Files (x86)\Microsoft Visual Studio\2019\Professional\VC\Auxiliary\VS\include\easyx.h(256,6): message : 可能是“void loadimage(IMAGE *,LPCTSTR,int,int,bool)”
D:\files\CTest\fish_game\main.cpp(876,48): message : 尝试匹配参数列表“(IMAGE *, const char [20])”时
D:\files\CTest\fish_game\main.cpp(877,52): error C2665: “loadimage”: 2 个重载中没有一个可以转换所有参数类型
C:\Program Files (x86)\Microsoft Visual Studio\2019\Professional\VC\Auxiliary\VS\include\easyx.h(256,6): message : 可能是“void loadimage(IMAGE *,LPCTSTR,int,int,bool)”
D:\files\CTest\fish_game\main.cpp(877,52): message : 尝试匹配参数列表“(IMAGE *, const char [22])”时
D:\files\CTest\fish_game\main.cpp(878,48): error C2665: “loadimage”: 2 个重载中没有一个可以转换所有参数类型
C:\Program Files (x86)\Microsoft Visual Studio\2019\Professional\VC\Auxiliary\VS\include\easyx.h(256,6): message : 可能是“void loadimage(IMAGE *,LPCTSTR,int,int,bool)”
D:\files\CTest\fish_game\main.cpp(878,48): message : 尝试匹配参数列表“(IMAGE *, const char [20])”时
D:\files\CTest\fish_game\main.cpp(1033,33): error C2665: “settextstyle”: 4 个重载中没有一个可以转换所有参数类型
C:\Program Files (x86)\Microsoft Visual Studio\2019\Professional\VC\Auxiliary\VS\include\easyx.h(247,6): message : 可能是“void settextstyle(int,int,LPCTSTR)”
D:\files\CTest\fish_game\main.cpp(1033,33): message : 尝试匹配参数列表“(int, int, const char [9])”时
D:\files\CTest\fish_game\main.cpp(1073,26): error C2665: “loadimage”: 2 个重载中没有一个可以转换所有参数类型
C:\Program Files (x86)\Microsoft Visual Studio\2019\Professional\VC\Auxiliary\VS\include\easyx.h(256,6): message : 可能是“void loadimage(IMAGE *,LPCTSTR,int,int,bool)”
D:\files\CTest\fish_game\main.cpp(1073,26): message : 尝试匹配参数列表“(IMAGE *, const char [9])”时
D:\files\CTest\fish_game\main.cpp(1076,31): error C2665: “settextstyle”: 4 个重载中没有一个可以转换所有参数类型
C:\Program Files (x86)\Microsoft Visual Studio\2019\Professional\VC\Auxiliary\VS\include\easyx.h(247,6): message : 可能是“void settextstyle(int,int,LPCTSTR)”
D:\files\CTest\fish_game\main.cpp(1076,31): message : 尝试匹配参数列表“(int, int, const char [5])”时
D:\files\CTest\fish_game\main.cpp(1088,30): error C2665: “settextstyle”: 4 个重载中没有一个可以转换所有参数类型
C:\Program Files (x86)\Microsoft Visual Studio\2019\Professional\VC\Auxiliary\VS\include\easyx.h(247,6): message : 可能是“void settextstyle(int,int,LPCTSTR)”
D:\files\CTest\fish_game\main.cpp(1088,30): message : 尝试匹配参数列表“(int, int, const char [5])”时
D:\files\CTest\fish_game\main.cpp(1113,34): error C2665: “settextstyle”: 4 个重载中没有一个可以转换所有参数类型
C:\Program Files (x86)\Microsoft Visual Studio\2019\Professional\VC\Auxiliary\VS\include\easyx.h(247,6): message : 可能是“void settextstyle(int,int,LPCTSTR)”
D:\files\CTest\fish_game\main.cpp(1113,34): message : 尝试匹配参数列表“(int, int, const char [5])”时
D:\files\CTest\fish_game\main.cpp(1122,33): error C2665: “settextstyle”: 4 个重载中没有一个可以转换所有参数类型
C:\Program Files (x86)\Microsoft Visual Studio\2019\Professional\VC\Auxiliary\VS\include\easyx.h(247,6): message : 可能是“void settextstyle(int,int,LPCTSTR)”
D:\files\CTest\fish_game\main.cpp(1122,33): message : 尝试匹配参数列表“(int, int, const char [5])”时
